Log file open, 06/04/15 14:29:14
LogInit:Display: Running engine for game: FastOrNot
LogInit: Version: 4.7.6-2513093+++depot+UE4-Releases+4.7
LogInit: API Version: 2455222
LogInit: Compiled (64-bit): Apr 15 2015 12:09:54
LogInit: Compiled with Visual C++: 18.00.21005.01
LogInit: Build Configuration: Development
LogInit: Branch Name: ++depot+UE4-Releases+4.7
LogInit: Command line:  
LogInit: Base directory: C:/Program Files/Epic Games/4.7/Engine/Binaries/Win64/
LogInit: Rocket: 1
[2015.06.04-12.29.14:284][  0]LogTaskGraph: Started task graph with 3 named threads and 4 total threads.
[2015.06.04-12.29.14:325][  0]LogOnline:Warning: No default platform service specified for OnlineSubsystem
[2015.06.04-12.29.14:344][  0]LogInit: Presizing for 0 objects not considered by GC, pre-allocating 0 bytes.
[2015.06.04-12.29.14:365][  0]LogInit: Object subsystem initialized
[2015.06.04-12.29.14:368][  0]LogConsoleResponse:Warning: Skipping Unknown console variable: 'TranslucentSortAxis = (X=0.000000,Y=-1.000000,Z=0.000000)'
[2015.06.04-12.29.14:368][  0]LogConsoleResponse:Warning:   Found in ini file 'E:/PROJECTS/FastOrNot/Saved/Config/Windows/Engine.ini', in section '[/Script/Engine.RendererSettings]'
[2015.06.04-12.29.14:368][  0]LogConsoleResponse:Warning: Skipping Unknown console variable: 'UIScaleRule = ShortestSide'
[2015.06.04-12.29.14:368][  0]LogConsoleResponse:Warning:   Found in ini file 'E:/PROJECTS/FastOrNot/Saved/Config/Windows/Engine.ini', in section '[/Script/Engine.RendererSettings]'
[2015.06.04-12.29.14:368][  0]LogConsoleResponse:Warning: Skipping Unknown console variable: 'UIScaleCurve = (EditorCurveData=(Keys=),ExternalCurve=None)'
[2015.06.04-12.29.14:368][  0]LogConsoleResponse:Warning:   Found in ini file 'E:/PROJECTS/FastOrNot/Saved/Config/Windows/Engine.ini', in section '[/Script/Engine.RendererSettings]'
[2015.06.04-12.29.14:369][  0]LogInit: Selected Device Profile: [Windows]
[2015.06.04-12.29.14:369][  0]LogInit: Applying CVar settings loaded from the selected device profile: [Windows]
[2015.06.04-12.29.14:376][  0]LogInit: Computer: SUPERCOMPUTER
[2015.06.04-12.29.14:376][  0]LogInit: User: Bartlomiej
[2015.06.04-12.29.14:376][  0]LogInit: CPU Page size=4096, Cores=2
[2015.06.04-12.29.14:376][  0]LogInit: High frequency timer resolution =2.533318 MHz
[2015.06.04-12.29.14:376][  0]LogMemory: Memory total: Physical=3.9GB (4GB approx) Virtual=131072.0GB
[2015.06.04-12.29.14:376][  0]LogMemory: Platform Memory Stats for Windows
[2015.06.04-12.29.14:376][  0]LogMemory: Process Physical Memory: 46.54 MB used, 46.54 MB peak
[2015.06.04-12.29.14:376][  0]LogMemory: Process Virtual Memory: 22.74 MB used, 22.75 MB peak
[2015.06.04-12.29.14:376][  0]LogMemory: Physical Memory: 1771.00 MB used, 3992.94 MB total
[2015.06.04-12.29.14:376][  0]LogMemory: Virtual Memory: 288.51 MB used, 134217728.00 MB total
[2015.06.04-12.29.14:417][  0]LogD3D11RHI: Found D3D11 adapter 0: NVIDIA GeForce GT 650M  (Feature Level 11_0)
[2015.06.04-12.29.14:417][  0]LogD3D11RHI: Adapter has 1985MB of dedicated video memory, 0MB of dedicated system memory, and 1996MB of shared system memory, 1 output[s]
[2015.06.04-12.29.14:437][  0]LogD3D11RHI: Found D3D11 adapter 1: NVIDIA GeForce GT 650M  (Feature Level 11_0)
[2015.06.04-12.29.14:437][  0]LogD3D11RHI: Adapter has 1985MB of dedicated video memory, 0MB of dedicated system memory, and 1996MB of shared system memory, 0 output[s]
[2015.06.04-12.29.14:439][  0]LogD3D11RHI: Found D3D11 adapter 2: Microsoft Basic Render Driver (Feature Level 11_0)
[2015.06.04-12.29.14:439][  0]LogD3D11RHI: Adapter has 1985MB of dedicated video memory, 0MB of dedicated system memory, and 1996MB of shared system memory, 0 output[s]
[2015.06.04-12.29.14:439][  0]LogD3D11RHI: Chosen D3D11 Adapter Id = 0
[2015.06.04-12.29.14:443][  0]LogRHI: Texture pool is 1361 MB (70% of 1945 MB)
[2015.06.04-12.29.14:459][  0]LogD3D11RHI: Async texture creation enabled
[2015.06.04-12.29.14:551][  0]LogTextLocalizationManager: The requested culture ('pl_PL') has no localization data; falling back to 'en' for localization and internationalization data.
[2015.06.04-12.29.14:665][  0]LogTextLocalizationManager:Warning: Loading localization resources contain conflicting entries for (Namespace:UICommands, Key:Save_ToolTip):
Resource: (C:/Program Files/Epic Games/4.7/Engine/Content/Localization/Editor/en/Editor.locres) Hash: (-29098895) String: (Saves the current level to disk)
Resource: (C:/Program Files/Epic Games/4.7/Engine/Content/Localization/Engine/en/Engine.locres) Hash: (-1280300587) String: (Save selected data to vlog file)
[2015.06.04-12.29.14:665][  0]LogTextLocalizationManager:Warning: Loading localization resources contain conflicting entries for (Namespace:ContentBrowser, Key:ImportAssetToolTip):
Resource: (C:/Program Files/Epic Games/4.7/Engine/Content/Localization/Editor/en/Editor.locres) Hash: (-630476809) String: (Import to {0}...)
Resource: (C:/Program Files/Epic Games/4.7/Engine/Content/Localization/Editor/en/Editor.locres) Hash: (1271782899) String: (Imports an asset from file to this folder.)
[2015.06.04-12.29.14:796][  0]LogContentStreaming: Texture pool size is 0.000000MB
[2015.06.04-12.29.18:241][  0]LogTargetPlatformManager:Display: Building Assets For Windows
[2015.06.04-12.29.19:242][  0]LogTargetPlatformManager:Display: Building Assets For Windows
[2015.06.04-12.29.19:341][  0]LogDerivedDataCache:Display: Max Cache Size: 512 MB
[2015.06.04-12.29.19:403][  0]LogDerivedDataCache: Loaded boot cache 0.06s 39MB C:/Users/Bartlomiej/AppData/Local/UnrealEngine/4.7/DerivedDataCache/Boot.ddc.
[2015.06.04-12.29.19:403][  0]LogDerivedDataCache:Display: Loaded Boot cache: C:/Users/Bartlomiej/AppData/Local/UnrealEngine/4.7/DerivedDataCache/Boot.ddc
[2015.06.04-12.29.19:403][  0]LogDerivedDataCache: FDerivedDataBackendGraph:  Pak pak cache file E:/PROJECTS/FastOrNot/DerivedDataCache/DDC.ddp not found, will not use a pak cache.
[2015.06.04-12.29.19:403][  0]LogDerivedDataCache: Unable to find inner node Pak for hierarchical cache Hierarchy.
[2015.06.04-12.29.19:570][  0]LogDerivedDataCache:Display: Pak cache opened for reading ../../../Engine/DerivedDataCache/Compressed.ddp.
[2015.06.04-12.29.19:583][  0]LogDerivedDataCache: Using Local data cache path C:/Users/Bartlomiej/AppData/Local/UnrealEngine/Common/DerivedDataCache: Writable
[2015.06.04-12.29.20:062][  0]LogMeshUtilities: No automatic mesh reduction module available
[2015.06.04-12.29.20:062][  0]LogMeshUtilities: No automatic mesh merging module available
[2015.06.04-12.29.20:628][  0]LogInit: WinSock: version 1.1 (2.2), MaxSocks=32767, MaxUdp=65467
[2015.06.04-12.29.20:757][  0]LogSlate:Warning: Failed to load font data from '../../../Engine/Content/Slate/Fonts/Roboto-Italic.ttf'
[2015.06.04-12.29.21:942][  0]UdpMessaging: Initializing bridge on interface 0.0.0.0:0 to multicast group 230.0.0.1:6666.
[2015.06.04-12.29.22:242][  0]SourceControl: Info Source control is disabled
[2015.06.04-12.29.22:242][  0]SourceControl: Info Source control is disabled
[2015.06.04-12.29.22:242][  0]SourceControl: Info Source control is disabled
[2015.06.04-12.29.22:242][  0]LogSourceControl: RunCommandInternalRaw: 'git version'
[2015.06.04-12.29.22:242][  0]LogSourceControl: RunCommandInternalRaw: ExecProcess ReturnCode=2 OutResults=''
[2015.06.04-12.29.22:256][  0]SourceControl: Info Source control is disabled
[2015.06.04-12.29.22:557][  0]LogObj: 24232 objects as part of root set at end of initial load.
[2015.06.04-12.29.22:557][  0]LogUObjectAllocator: 5137176 out of 0 bytes used by permanent object pool.
[2015.06.04-12.29.22:690][  0]LogEngine: Initializing Engine...
[2015.06.04-12.29.24:917][  0]LogInit: XAudio2 using 'Speakers (Realtek High Definition Audio)' : 2 channels at 48 kHz using 32 bits per sample (channel mask 0x3)
[2015.06.04-12.29.24:935][  0]LogInit: FAudioDevice initialized.
[2015.06.04-12.29.24:997][  0]LogAIModule: Creating AISystem for world NewWorld
[2015.06.04-12.29.25:029][  0]LogDerivedDataCache: Saved boot cache 0.03s 39MB C:/Users/Bartlomiej/AppData/Local/UnrealEngine/4.7/DerivedDataCache/Boot.ddc.
[2015.06.04-12.29.25:043][  0]LogInit: Texture streaming: Enabled
[2015.06.04-12.29.25:206][  0]LogAnalytics: Creating configured Analytics provider AnalyticsET
[2015.06.04-12.29.25:206][  0]LogAnalytics: ET APIKey = Rocket.Release. APIServer = http://et2.epicgames.com/ET2/. AppVersion = 4.7.6-2513093+++depot+UE4-Releases+4.7
[2015.06.04-12.29.25:206][  0]LogAnalytics: ET APIKey = Rocket.Release. DataRouterUploadURL = https://datarouter-public-service-gamedev.ol.epicgames.net/datarouter/api/v1/public/data. AppVersion = 4.7.6-2513093+++depot+UE4-Releases+4.7
[2015.06.04-12.29.25:206][  0]LogAnalytics: SetUserId b575e53349a6030bdb0cada0eb56732d|fe5ea6b6aed344da974d7574eed642ec|80630477-f6c0-4149-b540-877d31428d0f
[2015.06.04-12.29.25:207][  0]LogAnalytics: AnalyticsET::StartSession [Rocket.Release]
[2015.06.04-12.29.25:240][  0]LogInit: Transaction tracking system initialized
[2015.06.04-12.29.25:546][  0]BlueprintLog: New page: Editor Load
[2015.06.04-12.29.25:599][  0]LogAssetRegistry: FAssetRegistry took 0.0103 seconds to start up
[2015.06.04-12.29.25:599][  0]LogDirectoryWatcher:Warning: Failed to begin reading directory changes for ../../../Engine/Plugins/Experimental/CharacterAI/Content/. Error: 0
[2015.06.04-12.29.26:826][  0]LogTargetPlatformManager:Display: Building Assets For Windows
[2015.06.04-12.29.27:568][  0]LogTargetPlatformManager:Display: Building Assets For Windows
[2015.06.04-12.29.27:991][  0]LogSlate:Warning: Failed to load font data from '../../../Engine/Content/Editor/Slate/Fonts/Roboto-Regular.ttf'
[2015.06.04-12.29.27:992][  0]LogSlate:Warning: Failed to load font data from '../../../Engine/Content/Editor/Slate/Fonts/Roboto-Bold.ttf'
[2015.06.04-12.29.28:010][  0]LogConsoleResponse:Display: 
[2015.06.04-12.29.28:311][  0]LogCook:Display: Done creating registry. It took  0.00s.
[2015.06.04-12.29.28:532][  0]SourceControl: Info Source control is disabled
[2015.06.04-12.29.28:533][  0]Cmd: MAP LOAD FILE="E:/PROJECTS/FastOrNot/Content/StarterContent/Maps/Minimal_Default.umap" TEMPLATE=0 SHOWPROGRESS=1 FEATURELEVEL=3
[2015.06.04-12.29.28:533][  0]LogEditorServer:Warning: Can't find file 'E:/PROJECTS/FastOrNot/Content/StarterContent/Maps/Minimal_Default.umap'
[2015.06.04-12.29.28:533][  0]Cmd: MAP CHECKDEP
[2015.06.04-12.29.28:533][  0]MapCheck: New page: Untitled_0 - Jun 4, 2015, 4:29:28 PM
[2015.06.04-12.29.28:650][  0]MapCheck: Info Map check complete: 0 Error(s), 0 Warning(s), took 117.112ms to complete.
[2015.06.04-12.29.28:650][  0]LogFileHelpers: Loading map 'Minimal_Default' took 0.118
[2015.06.04-12.29.28:834][  0]LogCollectionManager: Loaded 0 collections in 0.002011 seconds
[2015.06.04-12.29.28:852][  0]LogContentBrowser: Native class hierarchy populated in 0.0182 seconds. Added 1696 classes and 261 folders.
[2015.06.04-12.29.28:902][  0]LogContentBrowser: Native class hierarchy updated for 'SceneOutliner' in 0.0024 seconds. Added 1 classes and 2 folders.
[2015.06.04-12.29.28:983][  0]LogCrashTracker: Crashtracker disabled due to settings.
[2015.06.04-12.29.28:984][  0]LogSlate:Warning: Failed to load font data from 'Veranda'
[2015.06.04-12.29.28:993][  0]LogUObjectGlobals:Warning: Failed to find object 'Class None.'
[2015.06.04-12.29.29:039][  0]LogLoad: Full Startup: 18.27 seconds (BP compile: 0.00 seconds)
[2015.06.04-12.29.29:339][  0]LogRenderer:Warning: Reallocating scene render targets to support 856x400 (Frame:2).
[2015.06.04-12.29.29:849][  9]LogAssetRegistry: Asset discovery search completed in 4.2605 seconds
[2015.06.04-12.29.33:530][192]LogContentBrowser:Verbose: The content browser source was changed by the sources view to '/Game/StarterContent'
[2015.06.04-12.29.37:018][361]LogContentBrowser:Verbose: The content browser source was changed by the sources view to '/Game/StarterContent/Textures'
[2015.06.04-12.29.47:302][738]LogTexture:Display: Building textures: T_Wood_Walnut_N (BC5)
[2015.06.04-12.29.48:608][738]LogContentBrowser: Native class hierarchy updated for 'TextureEditor' in 0.0036 seconds. Added 1 classes and 2 folders.
[2015.06.04-12.29.58:522][171]LogTexture:Display: Building textures: T_Wood_Pine_D (AutoDXT)
[2015.06.04-12.30.35:768][306]LogTexture:Display: Building textures: T_Wood_Walnut_D (AutoDXT)
[2015.06.04-12.31.25:546][581]LogEditorViewport: Clicking Background
[2015.06.04-12.31.35:088][906]LogSourceControl: RunCommandInternalRaw: 'git version'
[2015.06.04-12.31.35:113][906]LogSourceControl: RunCommandInternalRaw: ExecProcess ReturnCode=0 OutResults='git version 1.9.5.msysgit.0
'
[2015.06.04-12.31.43:244][217]LogSourceControl: RunCommandInternalRaw: 'git version'
[2015.06.04-12.31.43:271][217]LogSourceControl: RunCommandInternalRaw: ExecProcess ReturnCode=0 OutResults='git version 1.9.5.msysgit.0
'
[2015.06.04-12.31.43:271][217]LogSourceControl: RunCommandInternalRaw: 'git version'
[2015.06.04-12.31.43:308][217]LogSourceControl: RunCommandInternalRaw: ExecProcess ReturnCode=0 OutResults='git version 1.9.5.msysgit.0
'
[2015.06.04-12.31.47:226][355]LogSourceControl: RunCommandInternalRaw: 'git version'
[2015.06.04-12.31.47:245][355]LogSourceControl: RunCommandInternalRaw: ExecProcess ReturnCode=0 OutResults='git version 1.9.5.msysgit.0
'
[2015.06.04-12.31.47:245][355]LogSourceControl: RunCommandInternalRaw: 'git version'
[2015.06.04-12.31.47:267][355]LogSourceControl: RunCommandInternalRaw: ExecProcess ReturnCode=0 OutResults='git version 1.9.5.msysgit.0
'
[2015.06.04-12.32.00:935][683]LogSourceControl: RunCommandInternalRaw: 'git version'
[2015.06.04-12.32.00:959][683]LogSourceControl: RunCommandInternalRaw: ExecProcess ReturnCode=0 OutResults='git version 1.9.5.msysgit.0
'
[2015.06.04-12.32.01:889][715]LogSourceControl:Error: P4ERROR: Invalid connection to server.
[2015.06.04-12.32.01:889][715]LogSourceControl:Error: Connect to server failed; check $P4PORT.
TCP connect to perforce:1666 failed.
No such host is known. 

[2015.06.04-12.32.07:061][895]LogSourceControl: RunCommandInternalRaw: 'git version'
[2015.06.04-12.32.07:085][895]LogSourceControl: RunCommandInternalRaw: ExecProcess ReturnCode=0 OutResults='git version 1.9.5.msysgit.0
'
[2015.06.04-12.32.07:085][895]LogSourceControl: RunCommandInternalRaw: 'git version'
[2015.06.04-12.32.07:110][895]LogSourceControl: RunCommandInternalRaw: ExecProcess ReturnCode=0 OutResults='git version 1.9.5.msysgit.0
'
[2015.06.04-12.32.31:345][828]LogSourceControl: RunCommandInternalRaw: 'git version'
[2015.06.04-12.32.31:387][828]LogSourceControl: RunCommandInternalRaw: ExecProcess ReturnCode=0 OutResults='git version 1.9.5.msysgit.0
'
[2015.06.04-12.32.31:387][828]LogSourceControl: RunCommandInternalRaw: 'git version'
[2015.06.04-12.32.31:414][828]LogSourceControl: RunCommandInternalRaw: ExecProcess ReturnCode=0 OutResults='git version 1.9.5.msysgit.0
'
[2015.06.04-12.32.31:547][833]SourceControl:Error: Error You should check out a working copy into your project directory.
[2015.06.04-12.32.31:549][833]SourceControl:Error: Error Project is not part of a Git working copy.
[2015.06.04-12.32.40:721][133]LogSourceControl: RunCommandInternalRaw: 'git version'
[2015.06.04-12.32.40:740][133]LogSourceControl: RunCommandInternalRaw: ExecProcess ReturnCode=0 OutResults='git version 1.9.5.msysgit.0
'
[2015.06.04-12.32.40:740][133]LogSourceControl: RunCommandInternalRaw: 'git version'
[2015.06.04-12.32.40:757][133]LogSourceControl: RunCommandInternalRaw: ExecProcess ReturnCode=0 OutResults='git version 1.9.5.msysgit.0
'
[2015.06.04-12.33.03:045][305]LogSourceControl: RunCommandInternalRaw: 'git version'
[2015.06.04-12.33.03:076][305]LogSourceControl: RunCommandInternalRaw: ExecProcess ReturnCode=0 OutResults='git version 1.9.5.msysgit.0
'
[2015.06.04-12.33.03:076][305]LogSourceControl: RunCommandInternalRaw: 'git version'
[2015.06.04-12.33.03:095][305]LogSourceControl: RunCommandInternalRaw: ExecProcess ReturnCode=0 OutResults='git version 1.9.5.msysgit.0
'
[2015.06.04-12.33.03:215][311]SourceControl:Error: Error You should check out a working copy into your project directory.
[2015.06.04-12.33.03:215][311]SourceControl:Error: Error Project is not part of a Git working copy.
[